[ 2016-07-30T17:56:04+08:00 ] 139.212.241.39 /obj/movie/Home
INFO: [ app_init ] --START--
INFO: Run Behavior\BuildLiteBehavior [ RunTime:0.000021s ]
INFO: [ app_init ] --END-- [ RunTime:0.000396s ]
INFO: [ app_begin ] --START--
INFO: Run Behavior\ReadHtmlCacheBehavior [ RunTime:0.000456s ]
INFO: [ app_begin ] --END-- [ RunTime:0.000509s ]
ERR: SQLSTATE[HY000] [1049] Unknown database 'movie'

[ 2016-07-30T17:56:07+08:00 ] 139.212.241.39 /obj/movie/Home
INFO: [ app_init ] --START--
INFO: Run Behavior\BuildLiteBehavior [ RunTime:0.000020s ]
INFO: [ app_init ] --END-- [ RunTime:0.000456s ]
INFO: [ app_begin ] --START--
INFO: Run Behavior\ReadHtmlCacheBehavior [ RunTime:0.000592s ]
INFO: [ app_begin ] --END-- [ RunTime:0.000648s ]
ERR: SQLSTATE[HY000] [1049] Unknown database 'movie'

[ 2016-07-30T17:58:03+08:00 ] 139.212.241.39 /obj/movie/Home
INFO: [ app_init ] --START--
INFO: Run Behavior\BuildLiteBehavior [ RunTime:0.000021s ]
INFO: [ app_init ] --END-- [ RunTime:0.000408s ]
INFO: [ app_begin ] --START--
INFO: Run Behavior\ReadHtmlCacheBehavior [ RunTime:0.000439s ]
INFO: [ app_begin ] --END-- [ RunTime:0.000494s ]
SQL: SHOW COLUMNS FROM `index1` [ RunTime:0.0011s ]
NOTIC: [8] Undefined index: searchContent /home/wwwroot/default/obj/movie/Application/Home/Controller/IndexController.class.php 第 50 行.
NOTIC: [8] Undefined variable: map /home/wwwroot/default/obj/movie/Application/Home/Controller/IndexController.class.php 第 78 行.
SQL: SELECT COUNT(*) AS tp_count FROM `index1` LIMIT 1   [ RunTime:0.0029s ]
NOTIC: [8] Undefined variable: map /home/wwwroot/default/obj/movie/Application/Home/Controller/IndexController.class.php 第 81 行.
SQL: SELECT * FROM `index1` ORDER BY id desc LIMIT 0,12   [ RunTime:0.0003s ]
INFO: [ view_parse ] --START--
INFO: [ template_filter ] --START--
INFO: Run Behavior\ContentReplaceBehavior [ RunTime:0.000118s ]
INFO: [ template_filter ] --END-- [ RunTime:0.000207s ]
NOTIC: [8] Undefined variable: searchContent /home/wwwroot/default/obj/movie/Application/Runtime/Cache/Home/2a94b8bda04ff446dcedd42276fc99ee.php 第 67 行.
NOTIC: [8] Undefined variable: pname /home/wwwroot/default/obj/movie/Application/Runtime/Cache/Home/2a94b8bda04ff446dcedd42276fc99ee.php 第 72 行.
NOTIC: [8] Undefined variable: players /home/wwwroot/default/obj/movie/Application/Runtime/Cache/Home/2a94b8bda04ff446dcedd42276fc99ee.php 第 73 行.
NOTIC: [8] Undefined variable: param /home/wwwroot/default/obj/movie/Application/Runtime/Cache/Home/2a94b8bda04ff446dcedd42276fc99ee.php 第 149 行.
NOTIC: [8] Undefined variable: param /home/wwwroot/default/obj/movie/Application/Runtime/Cache/Home/2a94b8bda04ff446dcedd42276fc99ee.php 第 153 行.
NOTIC: [8] Undefined variable: param /home/wwwroot/default/obj/movie/Application/Runtime/Cache/Home/2a94b8bda04ff446dcedd42276fc99ee.php 第 155 行.
NOTIC: [8] Undefined variable: param /home/wwwroot/default/obj/movie/Application/Runtime/Cache/Home/2a94b8bda04ff446dcedd42276fc99ee.php 第 155 行.
NOTIC: [8] Undefined variable: param /home/wwwroot/default/obj/movie/Application/Runtime/Cache/Home/2a94b8bda04ff446dcedd42276fc99ee.php 第 155 行.
NOTIC: [8] Undefined variable: param /home/wwwroot/default/obj/movie/Application/Runtime/Cache/Home/2a94b8bda04ff446dcedd42276fc99ee.php 第 155 行.
NOTIC: [8] Undefined variable: param /home/wwwroot/default/obj/movie/Application/Runtime/Cache/Home/2a94b8bda04ff446dcedd42276fc99ee.php 第 157 行.
NOTIC: [8] Undefined variable: param /home/wwwroot/default/obj/movie/Application/Runtime/Cache/Home/2a94b8bda04ff446dcedd42276fc99ee.php 第 182 行.
INFO: Run Behavior\ParseTemplateBehavior [ RunTime:0.087545s ]
INFO: [ view_parse ] --END-- [ RunTime:0.087617s ]
INFO: [ view_filter ] --START--
INFO: Run Behavior\WriteHtmlCacheBehavior [ RunTime:0.000244s ]
INFO: [ view_filter ] --END-- [ RunTime:0.000287s ]
INFO: [ app_end ] --START--
INFO: Run Behavior\ShowPageTraceBehavior [ RunTime:0.000517s ]
INFO: [ app_end ] --END-- [ RunTime:0.000573s ]

[ 2016-07-30T17:58:07+08:00 ] 139.212.241.39 /obj/movie/Home/Index/index/pnow/5
INFO: [ app_init ] --START--
INFO: Run Behavior\BuildLiteBehavior [ RunTime:0.000018s ]
INFO: [ app_init ] --END-- [ RunTime:0.000342s ]
INFO: [ app_begin ] --START--
INFO: Run Behavior\ReadHtmlCacheBehavior [ RunTime:0.000440s ]
INFO: [ app_begin ] --END-- [ RunTime:0.000488s ]
SQL: SHOW COLUMNS FROM `index1` [ RunTime:0.0008s ]
NOTIC: [8] Undefined index: searchContent /home/wwwroot/default/obj/movie/Application/Home/Controller/IndexController.class.php 第 50 行.
NOTIC: [8] Undefined variable: map /home/wwwroot/default/obj/movie/Application/Home/Controller/IndexController.class.php 第 78 行.
SQL: SELECT COUNT(*) AS tp_count FROM `index1` LIMIT 1   [ RunTime:0.0002s ]
NOTIC: [8] Undefined variable: map /home/wwwroot/default/obj/movie/Application/Home/Controller/IndexController.class.php 第 81 行.
SQL: SELECT * FROM `index1` ORDER BY id desc LIMIT 48,12   [ RunTime:0.0008s ]
INFO: [ view_parse ] --START--
INFO: [ template_filter ] --START--
INFO: Run Behavior\ContentReplaceBehavior [ RunTime:0.000072s ]
INFO: [ template_filter ] --END-- [ RunTime:0.000134s ]
NOTIC: [8] Undefined variable: searchContent /home/wwwroot/default/obj/movie/Application/Runtime/Cache/Home/2a94b8bda04ff446dcedd42276fc99ee.php 第 67 行.
NOTIC: [8] Undefined variable: pname /home/wwwroot/default/obj/movie/Application/Runtime/Cache/Home/2a94b8bda04ff446dcedd42276fc99ee.php 第 72 行.
NOTIC: [8] Undefined variable: players /home/wwwroot/default/obj/movie/Application/Runtime/Cache/Home/2a94b8bda04ff446dcedd42276fc99ee.php 第 73 行.
NOTIC: [8] Undefined variable: param /home/wwwroot/default/obj/movie/Application/Runtime/Cache/Home/2a94b8bda04ff446dcedd42276fc99ee.php 第 149 行.
NOTIC: [8] Undefined variable: param /home/wwwroot/default/obj/movie/Application/Runtime/Cache/Home/2a94b8bda04ff446dcedd42276fc99ee.php 第 155 行.
NOTIC: [8] Undefined variable: param /home/wwwroot/default/obj/movie/Application/Runtime/Cache/Home/2a94b8bda04ff446dcedd42276fc99ee.php 第 155 行.
NOTIC: [8] Undefined variable: param /home/wwwroot/default/obj/movie/Application/Runtime/Cache/Home/2a94b8bda04ff446dcedd42276fc99ee.php 第 153 行.
NOTIC: [8] Undefined variable: param /home/wwwroot/default/obj/movie/Application/Runtime/Cache/Home/2a94b8bda04ff446dcedd42276fc99ee.php 第 155 行.
NOTIC: [8] Undefined variable: param /home/wwwroot/default/obj/movie/Application/Runtime/Cache/Home/2a94b8bda04ff446dcedd42276fc99ee.php 第 155 行.
NOTIC: [8] Undefined variable: param /home/wwwroot/default/obj/movie/Application/Runtime/Cache/Home/2a94b8bda04ff446dcedd42276fc99ee.php 第 157 行.
NOTIC: [8] Undefined variable: param /home/wwwroot/default/obj/movie/Application/Runtime/Cache/Home/2a94b8bda04ff446dcedd42276fc99ee.php 第 182 行.
INFO: Run Behavior\ParseTemplateBehavior [ RunTime:0.010405s ]
INFO: [ view_parse ] --END-- [ RunTime:0.010554s ]
INFO: [ view_filter ] --START--
INFO: Run Behavior\WriteHtmlCacheBehavior [ RunTime:0.000216s ]
INFO: [ view_filter ] --END-- [ RunTime:0.000272s ]
INFO: [ app_end ] --START--
INFO: Run Behavior\ShowPageTraceBehavior [ RunTime:0.000501s ]
INFO: [ app_end ] --END-- [ RunTime:0.000557s ]

[ 2016-07-30T17:58:12+08:00 ] 139.212.241.39 /obj/movie/Home/Index/index
INFO: [ app_init ] --START--
INFO: Run Behavior\BuildLiteBehavior [ RunTime:0.000022s ]
INFO: [ app_init ] --END-- [ RunTime:0.000479s ]
INFO: [ app_begin ] --START--
INFO: Run Behavior\ReadHtmlCacheBehavior [ RunTime:0.000615s ]
INFO: [ app_begin ] --END-- [ RunTime:0.000681s ]
SQL: SHOW COLUMNS FROM `index1` [ RunTime:0.0008s ]
SQL: SELECT COUNT(*) AS tp_count FROM `index1` WHERE `pname` LIKE '%人%' LIMIT 1   [ RunTime:0.0166s ]
SQL: SELECT * FROM `index1` WHERE `pname` LIKE '%人%' ORDER BY id desc LIMIT 0,12   [ RunTime:0.0007s ]
INFO: [ view_parse ] --START--
INFO: [ template_filter ] --START--
INFO: Run Behavior\ContentReplaceBehavior [ RunTime:0.000078s ]
INFO: [ template_filter ] --END-- [ RunTime:0.000150s ]
NOTIC: [8] Undefined variable: players /home/wwwroot/default/obj/movie/Application/Runtime/Cache/Home/2a94b8bda04ff446dcedd42276fc99ee.php 第 73 行.
INFO: Run Behavior\ParseTemplateBehavior [ RunTime:0.012681s ]
INFO: [ view_parse ] --END-- [ RunTime:0.012732s ]
INFO: [ view_filter ] --START--
INFO: Run Behavior\WriteHtmlCacheBehavior [ RunTime:0.000175s ]
INFO: [ view_filter ] --END-- [ RunTime:0.000220s ]
INFO: [ app_end ] --START--
INFO: Run Behavior\ShowPageTraceBehavior [ RunTime:0.000573s ]
INFO: [ app_end ] --END-- [ RunTime:0.000625s ]

[ 2016-07-30T17:58:15+08:00 ] 139.212.241.39 /obj/movie/Home/Index/index/pnow/2/searchContent/%E4%BA%BA/searchType/pname
INFO: [ app_init ] --START--
INFO: Run Behavior\BuildLiteBehavior [ RunTime:0.000021s ]
INFO: [ app_init ] --END-- [ RunTime:0.000404s ]
INFO: [ app_begin ] --START--
INFO: Run Behavior\ReadHtmlCacheBehavior [ RunTime:0.000449s ]
INFO: [ app_begin ] --END-- [ RunTime:0.000503s ]
SQL: SHOW COLUMNS FROM `index1` [ RunTime:0.0011s ]
NOTIC: [8] Undefined index: searchContent /home/wwwroot/default/obj/movie/Application/Home/Controller/IndexController.class.php 第 50 行.
SQL: SELECT COUNT(*) AS tp_count FROM `index1` WHERE `pname` LIKE '%人%' LIMIT 1   [ RunTime:0.0007s ]
SQL: SELECT * FROM `index1` WHERE `pname` LIKE '%人%' ORDER BY id desc LIMIT 12,12   [ RunTime:0.0007s ]
INFO: [ view_parse ] --START--
INFO: [ template_filter ] --START--
INFO: Run Behavior\ContentReplaceBehavior [ RunTime:0.000083s ]
INFO: [ template_filter ] --END-- [ RunTime:0.000152s ]
NOTIC: [8] Undefined variable: players /home/wwwroot/default/obj/movie/Application/Runtime/Cache/Home/2a94b8bda04ff446dcedd42276fc99ee.php 第 73 行.
INFO: Run Behavior\ParseTemplateBehavior [ RunTime:0.013652s ]
INFO: [ view_parse ] --END-- [ RunTime:0.013747s ]
INFO: [ view_filter ] --START--
INFO: Run Behavior\WriteHtmlCacheBehavior [ RunTime:0.000244s ]
INFO: [ view_filter ] --END-- [ RunTime:0.000300s ]
INFO: [ app_end ] --START--
INFO: Run Behavior\ShowPageTraceBehavior [ RunTime:0.000652s ]
INFO: [ app_end ] --END-- [ RunTime:0.000789s ]

[ 2016-07-30T17:58:18+08:00 ] 139.212.241.39 /obj/movie/Home/Index/index/pnow/-3/searchContent/%E4%BA%BA/searchType/pname
INFO: [ app_init ] --START--
INFO: Run Behavior\BuildLiteBehavior [ RunTime:0.000024s ]
INFO: [ app_init ] --END-- [ RunTime:0.000421s ]
INFO: [ app_begin ] --START--
INFO: Run Behavior\ReadHtmlCacheBehavior [ RunTime:0.000529s ]
INFO: [ app_begin ] --END-- [ RunTime:0.000579s ]
SQL: SHOW COLUMNS FROM `index1` [ RunTime:0.0008s ]
NOTIC: [8] Undefined index: searchContent /home/wwwroot/default/obj/movie/Application/Home/Controller/IndexController.class.php 第 50 行.
SQL: SELECT COUNT(*) AS tp_count FROM `index1` WHERE `pname` LIKE '%人%' LIMIT 1   [ RunTime:0.0006s ]
SQL: SELECT * FROM `index1` WHERE `pname` LIKE '%人%' ORDER BY id desc LIMIT 0,12   [ RunTime:0.0006s ]
INFO: [ view_parse ] --START--
INFO: [ template_filter ] --START--
INFO: Run Behavior\ContentReplaceBehavior [ RunTime:0.000080s ]
INFO: [ template_filter ] --END-- [ RunTime:0.000149s ]
NOTIC: [8] Undefined variable: players /home/wwwroot/default/obj/movie/Application/Runtime/Cache/Home/2a94b8bda04ff446dcedd42276fc99ee.php 第 73 行.
INFO: Run Behavior\ParseTemplateBehavior [ RunTime:0.013532s ]
INFO: [ view_parse ] --END-- [ RunTime:0.013582s ]
INFO: [ view_filter ] --START--
INFO: Run Behavior\WriteHtmlCacheBehavior [ RunTime:0.000196s ]
INFO: [ view_filter ] --END-- [ RunTime:0.000237s ]
INFO: [ app_end ] --START--
INFO: Run Behavior\ShowPageTraceBehavior [ RunTime:0.000540s ]
INFO: [ app_end ] --END-- [ RunTime:0.000599s ]

[ 2016-07-30T17:58:20+08:00 ] 139.212.241.39 /obj/movie/Home/Index/index/pnow/2/searchContent/%E4%BA%BA/searchType/pname
INFO: [ app_init ] --START--
INFO: Run Behavior\BuildLiteBehavior [ RunTime:0.000025s ]
INFO: [ app_init ] --END-- [ RunTime:0.000497s ]
INFO: [ app_begin ] --START--
INFO: Run Behavior\ReadHtmlCacheBehavior [ RunTime:0.000672s ]
INFO: [ app_begin ] --END-- [ RunTime:0.000755s ]
SQL: SHOW COLUMNS FROM `index1` [ RunTime:0.0008s ]
NOTIC: [8] Undefined index: searchContent /home/wwwroot/default/obj/movie/Application/Home/Controller/IndexController.class.php 第 50 行.
SQL: SELECT COUNT(*) AS tp_count FROM `index1` WHERE `pname` LIKE '%人%' LIMIT 1   [ RunTime:0.0005s ]
SQL: SELECT * FROM `index1` WHERE `pname` LIKE '%人%' ORDER BY id desc LIMIT 12,12   [ RunTime:0.0008s ]
INFO: [ view_parse ] --START--
INFO: [ template_filter ] --START--
INFO: Run Behavior\ContentReplaceBehavior [ RunTime:0.000080s ]
INFO: [ template_filter ] --END-- [ RunTime:0.000150s ]
NOTIC: [8] Undefined variable: players /home/wwwroot/default/obj/movie/Application/Runtime/Cache/Home/2a94b8bda04ff446dcedd42276fc99ee.php 第 73 行.
INFO: Run Behavior\ParseTemplateBehavior [ RunTime:0.010517s ]
INFO: [ view_parse ] --END-- [ RunTime:0.010570s ]
INFO: [ view_filter ] --START--
INFO: Run Behavior\WriteHtmlCacheBehavior [ RunTime:0.000173s ]
INFO: [ view_filter ] --END-- [ RunTime:0.000216s ]
INFO: [ app_end ] --START--
INFO: Run Behavior\ShowPageTraceBehavior [ RunTime:0.000486s ]
INFO: [ app_end ] --END-- [ RunTime:0.000536s ]

[ 2016-07-30T17:58:23+08:00 ] 139.212.241.39 /obj/movie/Home/Index/index/pnow/1/searchContent/%E4%BA%BA/searchType/pname
INFO: [ app_init ] --START--
INFO: Run Behavior\BuildLiteBehavior [ RunTime:0.000022s ]
INFO: [ app_init ] --END-- [ RunTime:0.000415s ]
INFO: [ app_begin ] --START--
INFO: Run Behavior\ReadHtmlCacheBehavior [ RunTime:0.000456s ]
INFO: [ app_begin ] --END-- [ RunTime:0.000509s ]
SQL: SHOW COLUMNS FROM `index1` [ RunTime:0.0008s ]
NOTIC: [8] Undefined index: searchContent /home/wwwroot/default/obj/movie/Application/Home/Controller/IndexController.class.php 第 50 行.
SQL: SELECT COUNT(*) AS tp_count FROM `index1` WHERE `pname` LIKE '%人%' LIMIT 1   [ RunTime:0.0006s ]
SQL: SELECT * FROM `index1` WHERE `pname` LIKE '%人%' ORDER BY id desc LIMIT 0,12   [ RunTime:0.0006s ]
INFO: [ view_parse ] --START--
INFO: [ template_filter ] --START--
INFO: Run Behavior\ContentReplaceBehavior [ RunTime:0.000105s ]
INFO: [ template_filter ] --END-- [ RunTime:0.000175s ]
NOTIC: [8] Undefined variable: players /home/wwwroot/default/obj/movie/Application/Runtime/Cache/Home/2a94b8bda04ff446dcedd42276fc99ee.php 第 73 行.
INFO: Run Behavior\ParseTemplateBehavior [ RunTime:0.011771s ]
INFO: [ view_parse ] --END-- [ RunTime:0.011847s ]
INFO: [ view_filter ] --START--
INFO: Run Behavior\WriteHtmlCacheBehavior [ RunTime:0.000179s ]
INFO: [ view_filter ] --END-- [ RunTime:0.000221s ]
INFO: [ app_end ] --START--
INFO: Run Behavior\ShowPageTraceBehavior [ RunTime:0.000522s ]
INFO: [ app_end ] --END-- [ RunTime:0.000622s ]

[ 2016-07-30T17:58:37+08:00 ] 139.212.241.39 /obj/movie/Home/Index/index
INFO: [ app_init ] --START--
INFO: Run Behavior\BuildLiteBehavior [ RunTime:0.000016s ]
INFO: [ app_init ] --END-- [ RunTime:0.000354s ]
INFO: [ app_begin ] --START--
INFO: Run Behavior\ReadHtmlCacheBehavior [ RunTime:0.000539s ]
INFO: [ app_begin ] --END-- [ RunTime:0.000592s ]
SQL: SHOW COLUMNS FROM `index1` [ RunTime:0.0007s ]
SQL: SELECT COUNT(*) AS tp_count FROM `index1` WHERE `pname` LIKE '%美人%' LIMIT 1   [ RunTime:0.0006s ]
SQL: SELECT * FROM `index1` WHERE `pname` LIKE '%美人%' ORDER BY id desc LIMIT 0,12   [ RunTime:0.0007s ]
INFO: [ view_parse ] --START--
INFO: [ template_filter ] --START--
INFO: Run Behavior\ContentReplaceBehavior [ RunTime:0.000074s ]
INFO: [ template_filter ] --END-- [ RunTime:0.000129s ]
NOTIC: [8] Undefined variable: players /home/wwwroot/default/obj/movie/Application/Runtime/Cache/Home/2a94b8bda04ff446dcedd42276fc99ee.php 第 73 行.
INFO: Run Behavior\ParseTemplateBehavior [ RunTime:0.012073s ]
INFO: [ view_parse ] --END-- [ RunTime:0.012125s ]
INFO: [ view_filter ] --START--
INFO: Run Behavior\WriteHtmlCacheBehavior [ RunTime:0.000144s ]
INFO: [ view_filter ] --END-- [ RunTime:0.000185s ]
INFO: [ app_end ] --START--
INFO: Run Behavior\ShowPageTraceBehavior [ RunTime:0.000435s ]
INFO: [ app_end ] --END-- [ RunTime:0.000484s ]

[ 2016-07-30T18:06:16+08:00 ] 210.76.41.197 /obj/movie/Home
INFO: [ app_init ] --START--
INFO: Run Behavior\BuildLiteBehavior [ RunTime:0.000024s ]
INFO: [ app_init ] --END-- [ RunTime:0.000505s ]
INFO: [ app_begin ] --START--
INFO: Run Behavior\ReadHtmlCacheBehavior [ RunTime:0.000508s ]
INFO: [ app_begin ] --END-- [ RunTime:0.000559s ]
SQL: SHOW COLUMNS FROM `index1` [ RunTime:0.0008s ]
NOTIC: [8] Undefined index: searchContent /home/wwwroot/default/obj/movie/Application/Home/Controller/IndexController.class.php 第 50 行.
NOTIC: [8] Undefined variable: map /home/wwwroot/default/obj/movie/Application/Home/Controller/IndexController.class.php 第 78 行.
SQL: SELECT COUNT(*) AS tp_count FROM `index1` LIMIT 1   [ RunTime:0.0002s ]
NOTIC: [8] Undefined variable: map /home/wwwroot/default/obj/movie/Application/Home/Controller/IndexController.class.php 第 81 行.
SQL: SELECT * FROM `index1` ORDER BY id desc LIMIT 0,12   [ RunTime:0.0003s ]
INFO: [ view_parse ] --START--
INFO: [ template_filter ] --START--
INFO: Run Behavior\ContentReplaceBehavior [ RunTime:0.000117s ]
INFO: [ template_filter ] --END-- [ RunTime:0.000213s ]
NOTIC: [8] Undefined variable: searchContent /home/wwwroot/default/obj/movie/Application/Runtime/Cache/Home/2a94b8bda04ff446dcedd42276fc99ee.php 第 67 行.
NOTIC: [8] Undefined variable: pname /home/wwwroot/default/obj/movie/Application/Runtime/Cache/Home/2a94b8bda04ff446dcedd42276fc99ee.php 第 72 行.
NOTIC: [8] Undefined variable: players /home/wwwroot/default/obj/movie/Application/Runtime/Cache/Home/2a94b8bda04ff446dcedd42276fc99ee.php 第 73 行.
NOTIC: [8] Undefined variable: param /home/wwwroot/default/obj/movie/Application/Runtime/Cache/Home/2a94b8bda04ff446dcedd42276fc99ee.php 第 149 行.
NOTIC: [8] Undefined variable: param /home/wwwroot/default/obj/movie/Application/Runtime/Cache/Home/2a94b8bda04ff446dcedd42276fc99ee.php 第 153 行.
NOTIC: [8] Undefined variable: param /home/wwwroot/default/obj/movie/Application/Runtime/Cache/Home/2a94b8bda04ff446dcedd42276fc99ee.php 第 155 行.
NOTIC: [8] Undefined variable: param /home/wwwroot/default/obj/movie/Application/Runtime/Cache/Home/2a94b8bda04ff446dcedd42276fc99ee.php 第 155 行.
NOTIC: [8] Undefined variable: param /home/wwwroot/default/obj/movie/Application/Runtime/Cache/Home/2a94b8bda04ff446dcedd42276fc99ee.php 第 155 行.
NOTIC: [8] Undefined variable: param /home/wwwroot/default/obj/movie/Application/Runtime/Cache/Home/2a94b8bda04ff446dcedd42276fc99ee.php 第 155 行.
NOTIC: [8] Undefined variable: param /home/wwwroot/default/obj/movie/Application/Runtime/Cache/Home/2a94b8bda04ff446dcedd42276fc99ee.php 第 157 行.
NOTIC: [8] Undefined variable: param /home/wwwroot/default/obj/movie/Application/Runtime/Cache/Home/2a94b8bda04ff446dcedd42276fc99ee.php 第 182 行.
INFO: Run Behavior\ParseTemplateBehavior [ RunTime:0.011553s ]
INFO: [ view_parse ] --END-- [ RunTime:0.011612s ]
INFO: [ view_filter ] --START--
INFO: Run Behavior\WriteHtmlCacheBehavior [ RunTime:0.000165s ]
INFO: [ view_filter ] --END-- [ RunTime:0.000208s ]
INFO: [ app_end ] --START--
INFO: Run Behavior\ShowPageTraceBehavior [ RunTime:0.000531s ]
INFO: [ app_end ] --END-- [ RunTime:0.000584s ]

[ 2016-07-30T18:49:33+08:00 ] 123.151.139.155 /obj/movie/
INFO: [ app_init ] --START--
INFO: Run Behavior\BuildLiteBehavior [ RunTime:0.000041s ]
INFO: [ app_init ] --END-- [ RunTime:0.000365s ]
INFO: [ app_begin ] --START--
INFO: Run Behavior\ReadHtmlCacheBehavior [ RunTime:0.000411s ]
INFO: [ app_begin ] --END-- [ RunTime:0.000459s ]
SQL: SHOW COLUMNS FROM `index1` [ RunTime:0.0008s ]
NOTIC: [8] Undefined index: searchContent /home/wwwroot/default/obj/movie/Application/Home/Controller/IndexController.class.php 第 50 行.
NOTIC: [8] Undefined variable: map /home/wwwroot/default/obj/movie/Application/Home/Controller/IndexController.class.php 第 78 行.
SQL: SELECT COUNT(*) AS tp_count FROM `index1` LIMIT 1   [ RunTime:0.0002s ]
NOTIC: [8] Undefined variable: map /home/wwwroot/default/obj/movie/Application/Home/Controller/IndexController.class.php 第 81 行.
SQL: SELECT * FROM `index1` ORDER BY id desc LIMIT 0,12   [ RunTime:0.0003s ]
INFO: [ view_parse ] --START--
INFO: [ template_filter ] --START--
INFO: Run Behavior\ContentReplaceBehavior [ RunTime:0.000073s ]
INFO: [ template_filter ] --END-- [ RunTime:0.000138s ]
NOTIC: [8] Undefined variable: searchContent /home/wwwroot/default/obj/movie/Application/Runtime/Cache/Home/2a94b8bda04ff446dcedd42276fc99ee.php 第 67 行.
NOTIC: [8] Undefined variable: pname /home/wwwroot/default/obj/movie/Application/Runtime/Cache/Home/2a94b8bda04ff446dcedd42276fc99ee.php 第 72 行.
NOTIC: [8] Undefined variable: players /home/wwwroot/default/obj/movie/Application/Runtime/Cache/Home/2a94b8bda04ff446dcedd42276fc99ee.php 第 73 行.
NOTIC: [8] Undefined variable: param /home/wwwroot/default/obj/movie/Application/Runtime/Cache/Home/2a94b8bda04ff446dcedd42276fc99ee.php 第 149 行.
NOTIC: [8] Undefined variable: param /home/wwwroot/default/obj/movie/Application/Runtime/Cache/Home/2a94b8bda04ff446dcedd42276fc99ee.php 第 153 行.
NOTIC: [8] Undefined variable: param /home/wwwroot/default/obj/movie/Application/Runtime/Cache/Home/2a94b8bda04ff446dcedd42276fc99ee.php 第 155 行.
NOTIC: [8] Undefined variable: param /home/wwwroot/default/obj/movie/Application/Runtime/Cache/Home/2a94b8bda04ff446dcedd42276fc99ee.php 第 155 行.
NOTIC: [8] Undefined variable: param /home/wwwroot/default/obj/movie/Application/Runtime/Cache/Home/2a94b8bda04ff446dcedd42276fc99ee.php 第 155 行.
NOTIC: [8] Undefined variable: param /home/wwwroot/default/obj/movie/Application/Runtime/Cache/Home/2a94b8bda04ff446dcedd42276fc99ee.php 第 155 行.
NOTIC: [8] Undefined variable: param /home/wwwroot/default/obj/movie/Application/Runtime/Cache/Home/2a94b8bda04ff446dcedd42276fc99ee.php 第 157 行.
NOTIC: [8] Undefined variable: param /home/wwwroot/default/obj/movie/Application/Runtime/Cache/Home/2a94b8bda04ff446dcedd42276fc99ee.php 第 182 行.
INFO: Run Behavior\ParseTemplateBehavior [ RunTime:0.010039s ]
INFO: [ view_parse ] --END-- [ RunTime:0.010087s ]
INFO: [ view_filter ] --START--
INFO: Run Behavior\WriteHtmlCacheBehavior [ RunTime:0.000167s ]
INFO: [ view_filter ] --END-- [ RunTime:0.000207s ]
INFO: [ app_end ] --START--
INFO: Run Behavior\ShowPageTraceBehavior [ RunTime:0.000509s ]
INFO: [ app_end ] --END-- [ RunTime:0.000563s ]

[ 2016-07-30T18:49:52+08:00 ] 123.151.139.155 /obj/movie/Home/Index/index2/pnow/1/id/297
INFO: [ app_init ] --START--
INFO: Run Behavior\BuildLiteBehavior [ RunTime:0.000019s ]
INFO: [ app_init ] --END-- [ RunTime:0.000388s ]
INFO: [ app_begin ] --START--
INFO: Run Behavior\ReadHtmlCacheBehavior [ RunTime:0.000487s ]
INFO: [ app_begin ] --END-- [ RunTime:0.000535s ]
SQL: SHOW COLUMNS FROM `index1` [ RunTime:0.0008s ]
SQL: SELECT * FROM `index1` WHERE ( id=297 )  [ RunTime:0.0003s ]
SQL: SHOW COLUMNS FROM `index2` [ RunTime:0.0006s ]
SQL: SELECT * FROM `index2` WHERE ( uid=297 )  [ RunTime:0.0003s ]
INFO: [ view_parse ] --START--
INFO: [ template_filter ] --START--
INFO: Run Behavior\ContentReplaceBehavior [ RunTime:0.000073s ]
INFO: [ template_filter ] --END-- [ RunTime:0.000160s ]
INFO: Run Behavior\ParseTemplateBehavior [ RunTime:0.023625s ]
INFO: [ view_parse ] --END-- [ RunTime:0.023693s ]
INFO: [ view_filter ] --START--
INFO: Run Behavior\WriteHtmlCacheBehavior [ RunTime:0.000164s ]
INFO: [ view_filter ] --END-- [ RunTime:0.000217s ]
INFO: [ app_end ] --START--
INFO: Run Behavior\ShowPageTraceBehavior [ RunTime:0.000495s ]
INFO: [ app_end ] --END-- [ RunTime:0.000544s ]

[ 2016-07-30T18:56:37+08:00 ] 36.48.104.63 /obj/movie/Home
INFO: [ app_init ] --START--
INFO: Run Behavior\BuildLiteBehavior [ RunTime:0.000016s ]
INFO: [ app_init ] --END-- [ RunTime:0.000327s ]
INFO: [ app_begin ] --START--
INFO: Run Behavior\ReadHtmlCacheBehavior [ RunTime:0.000446s ]
INFO: [ app_begin ] --END-- [ RunTime:0.000494s ]
SQL: SHOW COLUMNS FROM `index1` [ RunTime:0.0007s ]
NOTIC: [8] Undefined index: searchContent /home/wwwroot/default/obj/movie/Application/Home/Controller/IndexController.class.php 第 50 行.
NOTIC: [8] Undefined variable: map /home/wwwroot/default/obj/movie/Application/Home/Controller/IndexController.class.php 第 78 行.
SQL: SELECT COUNT(*) AS tp_count FROM `index1` LIMIT 1   [ RunTime:0.0002s ]
NOTIC: [8] Undefined variable: map /home/wwwroot/default/obj/movie/Application/Home/Controller/IndexController.class.php 第 81 行.
SQL: SELECT * FROM `index1` ORDER BY id desc LIMIT 0,12   [ RunTime:0.0003s ]
INFO: [ view_parse ] --START--
INFO: [ template_filter ] --START--
INFO: Run Behavior\ContentReplaceBehavior [ RunTime:0.000069s ]
INFO: [ template_filter ] --END-- [ RunTime:0.000128s ]
NOTIC: [8] Undefined variable: searchContent /home/wwwroot/default/obj/movie/Application/Runtime/Cache/Home/2a94b8bda04ff446dcedd42276fc99ee.php 第 67 行.
NOTIC: [8] Undefined variable: pname /home/wwwroot/default/obj/movie/Application/Runtime/Cache/Home/2a94b8bda04ff446dcedd42276fc99ee.php 第 72 行.
NOTIC: [8] Undefined variable: players /home/wwwroot/default/obj/movie/Application/Runtime/Cache/Home/2a94b8bda04ff446dcedd42276fc99ee.php 第 73 行.
NOTIC: [8] Undefined variable: param /home/wwwroot/default/obj/movie/Application/Runtime/Cache/Home/2a94b8bda04ff446dcedd42276fc99ee.php 第 149 行.
NOTIC: [8] Undefined variable: param /home/wwwroot/default/obj/movie/Application/Runtime/Cache/Home/2a94b8bda04ff446dcedd42276fc99ee.php 第 153 行.
NOTIC: [8] Undefined variable: param /home/wwwroot/default/obj/movie/Application/Runtime/Cache/Home/2a94b8bda04ff446dcedd42276fc99ee.php 第 155 行.
NOTIC: [8] Undefined variable: param /home/wwwroot/default/obj/movie/Application/Runtime/Cache/Home/2a94b8bda04ff446dcedd42276fc99ee.php 第 155 行.
NOTIC: [8] Undefined variable: param /home/wwwroot/default/obj/movie/Application/Runtime/Cache/Home/2a94b8bda04ff446dcedd42276fc99ee.php 第 155 行.
NOTIC: [8] Undefined variable: param /home/wwwroot/default/obj/movie/Application/Runtime/Cache/Home/2a94b8bda04ff446dcedd42276fc99ee.php 第 155 行.
NOTIC: [8] Undefined variable: param /home/wwwroot/default/obj/movie/Application/Runtime/Cache/Home/2a94b8bda04ff446dcedd42276fc99ee.php 第 157 行.
NOTIC: [8] Undefined variable: param /home/wwwroot/default/obj/movie/Application/Runtime/Cache/Home/2a94b8bda04ff446dcedd42276fc99ee.php 第 182 行.
INFO: Run Behavior\ParseTemplateBehavior [ RunTime:0.010232s ]
INFO: [ view_parse ] --END-- [ RunTime:0.010286s ]
INFO: [ view_filter ] --START--
INFO: Run Behavior\WriteHtmlCacheBehavior [ RunTime:0.000159s ]
INFO: [ view_filter ] --END-- [ RunTime:0.000200s ]
INFO: [ app_end ] --START--
INFO: Run Behavior\ShowPageTraceBehavior [ RunTime:0.000524s ]
INFO: [ app_end ] --END-- [ RunTime:0.000580s ]

[ 2016-07-30T18:59:14+08:00 ] 49.221.18.36 /obj/movie/Home
INFO: [ app_init ] --START--
INFO: Run Behavior\BuildLiteBehavior [ RunTime:0.000021s ]
INFO: [ app_init ] --END-- [ RunTime:0.000382s ]
INFO: [ app_begin ] --START--
INFO: Run Behavior\ReadHtmlCacheBehavior [ RunTime:0.000444s ]
INFO: [ app_begin ] --END-- [ RunTime:0.000493s ]
SQL: SHOW COLUMNS FROM `index1` [ RunTime:0.0008s ]
NOTIC: [8] Undefined index: searchContent /home/wwwroot/default/obj/movie/Application/Home/Controller/IndexController.class.php 第 50 行.
NOTIC: [8] Undefined variable: map /home/wwwroot/default/obj/movie/Application/Home/Controller/IndexController.class.php 第 78 行.
SQL: SELECT COUNT(*) AS tp_count FROM `index1` LIMIT 1   [ RunTime:0.0002s ]
NOTIC: [8] Undefined variable: map /home/wwwroot/default/obj/movie/Application/Home/Controller/IndexController.class.php 第 81 行.
SQL: SELECT * FROM `index1` ORDER BY id desc LIMIT 0,12   [ RunTime:0.0003s ]
INFO: [ view_parse ] --START--
INFO: [ template_filter ] --START--
INFO: Run Behavior\ContentReplaceBehavior [ RunTime:0.000073s ]
INFO: [ template_filter ] --END-- [ RunTime:0.000140s ]
NOTIC: [8] Undefined variable: searchContent /home/wwwroot/default/obj/movie/Application/Runtime/Cache/Home/2a94b8bda04ff446dcedd42276fc99ee.php 第 67 行.
NOTIC: [8] Undefined variable: pname /home/wwwroot/default/obj/movie/Application/Runtime/Cache/Home/2a94b8bda04ff446dcedd42276fc99ee.php 第 72 行.
NOTIC: [8] Undefined variable: players /home/wwwroot/default/obj/movie/Application/Runtime/Cache/Home/2a94b8bda04ff446dcedd42276fc99ee.php 第 73 行.
NOTIC: [8] Undefined variable: param /home/wwwroot/default/obj/movie/Application/Runtime/Cache/Home/2a94b8bda04ff446dcedd42276fc99ee.php 第 149 行.
NOTIC: [8] Undefined variable: param /home/wwwroot/default/obj/movie/Application/Runtime/Cache/Home/2a94b8bda04ff446dcedd42276fc99ee.php 第 153 行.
NOTIC: [8] Undefined variable: param /home/wwwroot/default/obj/movie/Application/Runtime/Cache/Home/2a94b8bda04ff446dcedd42276fc99ee.php 第 155 行.
NOTIC: [8] Undefined variable: param /home/wwwroot/default/obj/movie/Application/Runtime/Cache/Home/2a94b8bda04ff446dcedd42276fc99ee.php 第 155 行.
NOTIC: [8] Undefined variable: param /home/wwwroot/default/obj/movie/Application/Runtime/Cache/Home/2a94b8bda04ff446dcedd42276fc99ee.php 第 155 行.
NOTIC: [8] Undefined variable: param /home/wwwroot/default/obj/movie/Application/Runtime/Cache/Home/2a94b8bda04ff446dcedd42276fc99ee.php 第 155 行.
NOTIC: [8] Undefined variable: param /home/wwwroot/default/obj/movie/Application/Runtime/Cache/Home/2a94b8bda04ff446dcedd42276fc99ee.php 第 157 行.
NOTIC: [8] Undefined variable: param /home/wwwroot/default/obj/movie/Application/Runtime/Cache/Home/2a94b8bda04ff446dcedd42276fc99ee.php 第 182 行.
INFO: Run Behavior\ParseTemplateBehavior [ RunTime:0.011108s ]
INFO: [ view_parse ] --END-- [ RunTime:0.011168s ]
INFO: [ view_filter ] --START--
INFO: Run Behavior\WriteHtmlCacheBehavior [ RunTime:0.000170s ]
INFO: [ view_filter ] --END-- [ RunTime:0.000211s ]
INFO: [ app_end ] --START--
INFO: Run Behavior\ShowPageTraceBehavior [ RunTime:0.000498s ]
INFO: [ app_end ] --END-- [ RunTime:0.000550s ]

[ 2016-07-30T19:22:06+08:00 ] 223.72.88.225 /obj/movie/Home
INFO: [ app_init ] --START--
INFO: Run Behavior\BuildLiteBehavior [ RunTime:0.000020s ]
INFO: [ app_init ] --END-- [ RunTime:0.000393s ]
INFO: [ app_begin ] --START--
INFO: Run Behavior\ReadHtmlCacheBehavior [ RunTime:0.000505s ]
INFO: [ app_begin ] --END-- [ RunTime:0.000559s ]
SQL: SHOW COLUMNS FROM `index1` [ RunTime:0.0009s ]
NOTIC: [8] Undefined index: searchContent /home/wwwroot/default/obj/movie/Application/Home/Controller/IndexController.class.php 第 50 行.
NOTIC: [8] Undefined variable: map /home/wwwroot/default/obj/movie/Application/Home/Controller/IndexController.class.php 第 78 行.
SQL: SELECT COUNT(*) AS tp_count FROM `index1` LIMIT 1   [ RunTime:0.0002s ]
NOTIC: [8] Undefined variable: map /home/wwwroot/default/obj/movie/Application/Home/Controller/IndexController.class.php 第 81 行.
SQL: SELECT * FROM `index1` ORDER BY id desc LIMIT 0,12   [ RunTime:0.0004s ]
INFO: [ view_parse ] --START--
INFO: [ template_filter ] --START--
INFO: Run Behavior\ContentReplaceBehavior [ RunTime:0.000073s ]
INFO: [ template_filter ] --END-- [ RunTime:0.000132s ]
NOTIC: [8] Undefined variable: searchContent /home/wwwroot/default/obj/movie/Application/Runtime/Cache/Home/2a94b8bda04ff446dcedd42276fc99ee.php 第 67 行.
NOTIC: [8] Undefined variable: pname /home/wwwroot/default/obj/movie/Application/Runtime/Cache/Home/2a94b8bda04ff446dcedd42276fc99ee.php 第 72 行.
NOTIC: [8] Undefined variable: players /home/wwwroot/default/obj/movie/Application/Runtime/Cache/Home/2a94b8bda04ff446dcedd42276fc99ee.php 第 73 行.
NOTIC: [8] Undefined variable: param /home/wwwroot/default/obj/movie/Application/Runtime/Cache/Home/2a94b8bda04ff446dcedd42276fc99ee.php 第 149 行.
NOTIC: [8] Undefined variable: param /home/wwwroot/default/obj/movie/Application/Runtime/Cache/Home/2a94b8bda04ff446dcedd42276fc99ee.php 第 153 行.
NOTIC: [8] Undefined variable: param /home/wwwroot/default/obj/movie/Application/Runtime/Cache/Home/2a94b8bda04ff446dcedd42276fc99ee.php 第 155 行.
NOTIC: [8] Undefined variable: param /home/wwwroot/default/obj/movie/Application/Runtime/Cache/Home/2a94b8bda04ff446dcedd42276fc99ee.php 第 155 行.
NOTIC: [8] Undefined variable: param /home/wwwroot/default/obj/movie/Application/Runtime/Cache/Home/2a94b8bda04ff446dcedd42276fc99ee.php 第 155 行.
NOTIC: [8] Undefined variable: param /home/wwwroot/default/obj/movie/Application/Runtime/Cache/Home/2a94b8bda04ff446dcedd42276fc99ee.php 第 155 行.
NOTIC: [8] Undefined variable: param /home/wwwroot/default/obj/movie/Application/Runtime/Cache/Home/2a94b8bda04ff446dcedd42276fc99ee.php 第 157 行.
NOTIC: [8] Undefined variable: param /home/wwwroot/default/obj/movie/Application/Runtime/Cache/Home/2a94b8bda04ff446dcedd42276fc99ee.php 第 182 行.
INFO: Run Behavior\ParseTemplateBehavior [ RunTime:0.011463s ]
INFO: [ view_parse ] --END-- [ RunTime:0.011534s ]
INFO: [ view_filter ] --START--
INFO: Run Behavior\WriteHtmlCacheBehavior [ RunTime:0.000152s ]
INFO: [ view_filter ] --END-- [ RunTime:0.000194s ]
INFO: [ app_end ] --START--
INFO: Run Behavior\ShowPageTraceBehavior [ RunTime:0.000509s ]
INFO: [ app_end ] --END-- [ RunTime:0.000562s ]

[ 2016-07-30T19:34:27+08:00 ] 111.26.32.10 /obj/movie/Home
INFO: [ app_init ] --START--
INFO: Run Behavior\BuildLiteBehavior [ RunTime:0.000019s ]
INFO: [ app_init ] --END-- [ RunTime:0.000499s ]
INFO: [ app_begin ] --START--
INFO: Run Behavior\ReadHtmlCacheBehavior [ RunTime:0.000444s ]
INFO: [ app_begin ] --END-- [ RunTime:0.000495s ]
SQL: SHOW COLUMNS FROM `index1` [ RunTime:0.0010s ]
NOTIC: [8] Undefined index: searchContent /home/wwwroot/default/obj/movie/Application/Home/Controller/IndexController.class.php 第 50 行.
NOTIC: [8] Undefined variable: map /home/wwwroot/default/obj/movie/Application/Home/Controller/IndexController.class.php 第 78 行.
SQL: SELECT COUNT(*) AS tp_count FROM `index1` LIMIT 1   [ RunTime:0.0002s ]
NOTIC: [8] Undefined variable: map /home/wwwroot/default/obj/movie/Application/Home/Controller/IndexController.class.php 第 81 行.
SQL: SELECT * FROM `index1` ORDER BY id desc LIMIT 0,12   [ RunTime:0.0003s ]
INFO: [ view_parse ] --START--
INFO: [ template_filter ] --START--
INFO: Run Behavior\ContentReplaceBehavior [ RunTime:0.000080s ]
INFO: [ template_filter ] --END-- [ RunTime:0.000165s ]
NOTIC: [8] Undefined variable: searchContent /home/wwwroot/default/obj/movie/Application/Runtime/Cache/Home/2a94b8bda04ff446dcedd42276fc99ee.php 第 67 行.
NOTIC: [8] Undefined variable: pname /home/wwwroot/default/obj/movie/Application/Runtime/Cache/Home/2a94b8bda04ff446dcedd42276fc99ee.php 第 72 行.
NOTIC: [8] Undefined variable: players /home/wwwroot/default/obj/movie/Application/Runtime/Cache/Home/2a94b8bda04ff446dcedd42276fc99ee.php 第 73 行.
NOTIC: [8] Undefined variable: param /home/wwwroot/default/obj/movie/Application/Runtime/Cache/Home/2a94b8bda04ff446dcedd42276fc99ee.php 第 149 行.
NOTIC: [8] Undefined variable: param /home/wwwroot/default/obj/movie/Application/Runtime/Cache/Home/2a94b8bda04ff446dcedd42276fc99ee.php 第 153 行.
NOTIC: [8] Undefined variable: param /home/wwwroot/default/obj/movie/Application/Runtime/Cache/Home/2a94b8bda04ff446dcedd42276fc99ee.php 第 155 行.
NOTIC: [8] Undefined variable: param /home/wwwroot/default/obj/movie/Application/Runtime/Cache/Home/2a94b8bda04ff446dcedd42276fc99ee.php 第 155 行.
NOTIC: [8] Undefined variable: param /home/wwwroot/default/obj/movie/Application/Runtime/Cache/Home/2a94b8bda04ff446dcedd42276fc99ee.php 第 155 行.
NOTIC: [8] Undefined variable: param /home/wwwroot/default/obj/movie/Application/Runtime/Cache/Home/2a94b8bda04ff446dcedd42276fc99ee.php 第 155 行.
NOTIC: [8] Undefined variable: param /home/wwwroot/default/obj/movie/Application/Runtime/Cache/Home/2a94b8bda04ff446dcedd42276fc99ee.php 第 157 行.
NOTIC: [8] Undefined variable: param /home/wwwroot/default/obj/movie/Application/Runtime/Cache/Home/2a94b8bda04ff446dcedd42276fc99ee.php 第 182 行.
INFO: Run Behavior\ParseTemplateBehavior [ RunTime:0.013835s ]
INFO: [ view_parse ] --END-- [ RunTime:0.013904s ]
INFO: [ view_filter ] --START--
INFO: Run Behavior\WriteHtmlCacheBehavior [ RunTime:0.000182s ]
INFO: [ view_filter ] --END-- [ RunTime:0.000225s ]
INFO: [ app_end ] --START--
INFO: Run Behavior\ShowPageTraceBehavior [ RunTime:0.000520s ]
INFO: [ app_end ] --END-- [ RunTime:0.000575s ]

[ 2016-07-30T19:44:09+08:00 ] 218.62.121.133 /obj/movie/Home
INFO: [ app_init ] --START--
INFO: Run Behavior\BuildLiteBehavior [ RunTime:0.000022s ]
INFO: [ app_init ] --END-- [ RunTime:0.000385s ]
INFO: [ app_begin ] --START--
INFO: Run Behavior\ReadHtmlCacheBehavior [ RunTime:0.000458s ]
INFO: [ app_begin ] --END-- [ RunTime:0.000509s ]
SQL: SHOW COLUMNS FROM `index1` [ RunTime:0.0008s ]
NOTIC: [8] Undefined index: searchContent /home/wwwroot/default/obj/movie/Application/Home/Controller/IndexController.class.php 第 50 行.
NOTIC: [8] Undefined variable: map /home/wwwroot/default/obj/movie/Application/Home/Controller/IndexController.class.php 第 78 行.
SQL: SELECT COUNT(*) AS tp_count FROM `index1` LIMIT 1   [ RunTime:0.0002s ]
NOTIC: [8] Undefined variable: map /home/wwwroot/default/obj/movie/Application/Home/Controller/IndexController.class.php 第 81 行.
SQL: SELECT * FROM `index1` ORDER BY id desc LIMIT 0,12   [ RunTime:0.0004s ]
INFO: [ view_parse ] --START--
INFO: [ template_filter ] --START--
INFO: Run Behavior\ContentReplaceBehavior [ RunTime:0.000083s ]
INFO: [ template_filter ] --END-- [ RunTime:0.000151s ]
NOTIC: [8] Undefined variable: searchContent /home/wwwroot/default/obj/movie/Application/Runtime/Cache/Home/2a94b8bda04ff446dcedd42276fc99ee.php 第 67 行.
NOTIC: [8] Undefined variable: pname /home/wwwroot/default/obj/movie/Application/Runtime/Cache/Home/2a94b8bda04ff446dcedd42276fc99ee.php 第 72 行.
NOTIC: [8] Undefined variable: players /home/wwwroot/default/obj/movie/Application/Runtime/Cache/Home/2a94b8bda04ff446dcedd42276fc99ee.php 第 73 行.
NOTIC: [8] Undefined variable: param /home/wwwroot/default/obj/movie/Application/Runtime/Cache/Home/2a94b8bda04ff446dcedd42276fc99ee.php 第 149 行.
NOTIC: [8] Undefined variable: param /home/wwwroot/default/obj/movie/Application/Runtime/Cache/Home/2a94b8bda04ff446dcedd42276fc99ee.php 第 153 行.
NOTIC: [8] Undefined variable: param /home/wwwroot/default/obj/movie/Application/Runtime/Cache/Home/2a94b8bda04ff446dcedd42276fc99ee.php 第 155 行.
NOTIC: [8] Undefined variable: param /home/wwwroot/default/obj/movie/Application/Runtime/Cache/Home/2a94b8bda04ff446dcedd42276fc99ee.php 第 155 行.
NOTIC: [8] Undefined variable: param /home/wwwroot/default/obj/movie/Application/Runtime/Cache/Home/2a94b8bda04ff446dcedd42276fc99ee.php 第 155 行.
NOTIC: [8] Undefined variable: param /home/wwwroot/default/obj/movie/Application/Runtime/Cache/Home/2a94b8bda04ff446dcedd42276fc99ee.php 第 155 行.
NOTIC: [8] Undefined variable: param /home/wwwroot/default/obj/movie/Application/Runtime/Cache/Home/2a94b8bda04ff446dcedd42276fc99ee.php 第 157 行.
NOTIC: [8] Undefined variable: param /home/wwwroot/default/obj/movie/Application/Runtime/Cache/Home/2a94b8bda04ff446dcedd42276fc99ee.php 第 182 行.
INFO: Run Behavior\ParseTemplateBehavior [ RunTime:0.012367s ]
INFO: [ view_parse ] --END-- [ RunTime:0.012425s ]
INFO: [ view_filter ] --START--
INFO: Run Behavior\WriteHtmlCacheBehavior [ RunTime:0.000172s ]
INFO: [ view_filter ] --END-- [ RunTime:0.000213s ]
INFO: [ app_end ] --START--
INFO: Run Behavior\ShowPageTraceBehavior [ RunTime:0.000485s ]
INFO: [ app_end ] --END-- [ RunTime:0.000540s ]

[ 2016-07-30T20:40:23+08:00 ] 111.26.32.71 /obj/movie/Home
INFO: [ app_init ] --START--
INFO: Run Behavior\BuildLiteBehavior [ RunTime:0.000020s ]
INFO: [ app_init ] --END-- [ RunTime:0.000392s ]
INFO: [ app_begin ] --START--
INFO: Run Behavior\ReadHtmlCacheBehavior [ RunTime:0.000455s ]
INFO: [ app_begin ] --END-- [ RunTime:0.000506s ]
SQL: SHOW COLUMNS FROM `index1` [ RunTime:0.0008s ]
NOTIC: [8] Undefined index: searchContent /home/wwwroot/default/obj/movie/Application/Home/Controller/IndexController.class.php 第 50 行.
NOTIC: [8] Undefined variable: map /home/wwwroot/default/obj/movie/Application/Home/Controller/IndexController.class.php 第 78 行.
SQL: SELECT COUNT(*) AS tp_count FROM `index1` LIMIT 1   [ RunTime:0.0002s ]
NOTIC: [8] Undefined variable: map /home/wwwroot/default/obj/movie/Application/Home/Controller/IndexController.class.php 第 81 行.
SQL: SELECT * FROM `index1` ORDER BY id desc LIMIT 0,12   [ RunTime:0.0003s ]
INFO: [ view_parse ] --START--
INFO: [ template_filter ] --START--
INFO: Run Behavior\ContentReplaceBehavior [ RunTime:0.000118s ]
INFO: [ template_filter ] --END-- [ RunTime:0.000194s ]
NOTIC: [8] Undefined variable: searchContent /home/wwwroot/default/obj/movie/Application/Runtime/Cache/Home/2a94b8bda04ff446dcedd42276fc99ee.php 第 67 行.
NOTIC: [8] Undefined variable: pname /home/wwwroot/default/obj/movie/Application/Runtime/Cache/Home/2a94b8bda04ff446dcedd42276fc99ee.php 第 72 行.
NOTIC: [8] Undefined variable: players /home/wwwroot/default/obj/movie/Application/Runtime/Cache/Home/2a94b8bda04ff446dcedd42276fc99ee.php 第 73 行.
NOTIC: [8] Undefined variable: param /home/wwwroot/default/obj/movie/Application/Runtime/Cache/Home/2a94b8bda04ff446dcedd42276fc99ee.php 第 149 行.
NOTIC: [8] Undefined variable: param /home/wwwroot/default/obj/movie/Application/Runtime/Cache/Home/2a94b8bda04ff446dcedd42276fc99ee.php 第 153 行.
NOTIC: [8] Undefined variable: param /home/wwwroot/default/obj/movie/Application/Runtime/Cache/Home/2a94b8bda04ff446dcedd42276fc99ee.php 第 155 行.
NOTIC: [8] Undefined variable: param /home/wwwroot/default/obj/movie/Application/Runtime/Cache/Home/2a94b8bda04ff446dcedd42276fc99ee.php 第 155 行.
NOTIC: [8] Undefined variable: param /home/wwwroot/default/obj/movie/Application/Runtime/Cache/Home/2a94b8bda04ff446dcedd42276fc99ee.php 第 155 行.
NOTIC: [8] Undefined variable: param /home/wwwroot/default/obj/movie/Application/Runtime/Cache/Home/2a94b8bda04ff446dcedd42276fc99ee.php 第 155 行.
NOTIC: [8] Undefined variable: param /home/wwwroot/default/obj/movie/Application/Runtime/Cache/Home/2a94b8bda04ff446dcedd42276fc99ee.php 第 157 行.
NOTIC: [8] Undefined variable: param /home/wwwroot/default/obj/movie/Application/Runtime/Cache/Home/2a94b8bda04ff446dcedd42276fc99ee.php 第 182 行.
INFO: Run Behavior\ParseTemplateBehavior [ RunTime:0.011077s ]
INFO: [ view_parse ] --END-- [ RunTime:0.011163s ]
INFO: [ view_filter ] --START--
INFO: Run Behavior\WriteHtmlCacheBehavior [ RunTime:0.000176s ]
INFO: [ view_filter ] --END-- [ RunTime:0.000218s ]
INFO: [ app_end ] --START--
INFO: Run Behavior\ShowPageTraceBehavior [ RunTime:0.000511s ]
INFO: [ app_end ] --END-- [ RunTime:0.000565s ]

[ 2016-07-30T20:41:35+08:00 ] 111.26.32.71 /obj/movie/Home
INFO: [ app_init ] --START--
INFO: Run Behavior\BuildLiteBehavior [ RunTime:0.000019s ]
INFO: [ app_init ] --END-- [ RunTime:0.000371s ]
INFO: [ app_begin ] --START--
INFO: Run Behavior\ReadHtmlCacheBehavior [ RunTime:0.000427s ]
INFO: [ app_begin ] --END-- [ RunTime:0.000477s ]
SQL: SHOW COLUMNS FROM `index1` [ RunTime:0.0008s ]
NOTIC: [8] Undefined index: searchContent /home/wwwroot/default/obj/movie/Application/Home/Controller/IndexController.class.php 第 50 行.
NOTIC: [8] Undefined variable: map /home/wwwroot/default/obj/movie/Application/Home/Controller/IndexController.class.php 第 78 行.
SQL: SELECT COUNT(*) AS tp_count FROM `index1` LIMIT 1   [ RunTime:0.0002s ]
NOTIC: [8] Undefined variable: map /home/wwwroot/default/obj/movie/Application/Home/Controller/IndexController.class.php 第 81 行.
SQL: SELECT * FROM `index1` ORDER BY id desc LIMIT 0,12   [ RunTime:0.0003s ]
INFO: [ view_parse ] --START--
INFO: [ template_filter ] --START--
INFO: Run Behavior\ContentReplaceBehavior [ RunTime:0.000092s ]
INFO: [ template_filter ] --END-- [ RunTime:0.000195s ]
NOTIC: [8] Undefined variable: searchContent /home/wwwroot/default/obj/movie/Application/Runtime/Cache/Home/2a94b8bda04ff446dcedd42276fc99ee.php 第 67 行.
NOTIC: [8] Undefined variable: pname /home/wwwroot/default/obj/movie/Application/Runtime/Cache/Home/2a94b8bda04ff446dcedd42276fc99ee.php 第 72 行.
NOTIC: [8] Undefined variable: players /home/wwwroot/default/obj/movie/Application/Runtime/Cache/Home/2a94b8bda04ff446dcedd42276fc99ee.php 第 73 行.
NOTIC: [8] Undefined variable: param /home/wwwroot/default/obj/movie/Application/Runtime/Cache/Home/2a94b8bda04ff446dcedd42276fc99ee.php 第 149 行.
NOTIC: [8] Undefined variable: param /home/wwwroot/default/obj/movie/Application/Runtime/Cache/Home/2a94b8bda04ff446dcedd42276fc99ee.php 第 153 行.
NOTIC: [8] Undefined variable: param /home/wwwroot/default/obj/movie/Application/Runtime/Cache/Home/2a94b8bda04ff446dcedd42276fc99ee.php 第 155 行.
NOTIC: [8] Undefined variable: param /home/wwwroot/default/obj/movie/Application/Runtime/Cache/Home/2a94b8bda04ff446dcedd42276fc99ee.php 第 155 行.
NOTIC: [8] Undefined variable: param /home/wwwroot/default/obj/movie/Application/Runtime/Cache/Home/2a94b8bda04ff446dcedd42276fc99ee.php 第 155 行.
NOTIC: [8] Undefined variable: param /home/wwwroot/default/obj/movie/Application/Runtime/Cache/Home/2a94b8bda04ff446dcedd42276fc99ee.php 第 155 行.
NOTIC: [8] Undefined variable: param /home/wwwroot/default/obj/movie/Application/Runtime/Cache/Home/2a94b8bda04ff446dcedd42276fc99ee.php 第 157 行.
NOTIC: [8] Undefined variable: param /home/wwwroot/default/obj/movie/Application/Runtime/Cache/Home/2a94b8bda04ff446dcedd42276fc99ee.php 第 182 行.
INFO: Run Behavior\ParseTemplateBehavior [ RunTime:0.010355s ]
INFO: [ view_parse ] --END-- [ RunTime:0.010400s ]
INFO: [ view_filter ] --START--
INFO: Run Behavior\WriteHtmlCacheBehavior [ RunTime:0.000190s ]
INFO: [ view_filter ] --END-- [ RunTime:0.000232s ]
INFO: [ app_end ] --START--
INFO: Run Behavior\ShowPageTraceBehavior [ RunTime:0.000516s ]
INFO: [ app_end ] --END-- [ RunTime:0.000578s ]

[ 2016-07-30T21:11:50+08:00 ] 139.212.241.39 /obj/movie/Home
INFO: [ app_init ] --START--
INFO: Run Behavior\BuildLiteBehavior [ RunTime:0.000019s ]
INFO: [ app_init ] --END-- [ RunTime:0.000350s ]
INFO: [ app_begin ] --START--
INFO: Run Behavior\ReadHtmlCacheBehavior [ RunTime:0.000421s ]
INFO: [ app_begin ] --END-- [ RunTime:0.000470s ]
SQL: SHOW COLUMNS FROM `index1` [ RunTime:0.0235s ]
NOTIC: [8] Undefined index: searchContent /home/wwwroot/default/obj/movie/Application/Home/Controller/IndexController.class.php 第 50 行.
NOTIC: [8] Undefined variable: map /home/wwwroot/default/obj/movie/Application/Home/Controller/IndexController.class.php 第 78 行.
SQL: SELECT COUNT(*) AS tp_count FROM `index1` LIMIT 1   [ RunTime:0.0004s ]
NOTIC: [8] Undefined variable: map /home/wwwroot/default/obj/movie/Application/Home/Controller/IndexController.class.php 第 81 行.
SQL: SELECT * FROM `index1` ORDER BY id desc LIMIT 0,12   [ RunTime:0.0003s ]
INFO: [ view_parse ] --START--
INFO: [ template_filter ] --START--
INFO: Run Behavior\ContentReplaceBehavior [ RunTime:0.000073s ]
INFO: [ template_filter ] --END-- [ RunTime:0.000127s ]
NOTIC: [8] Undefined variable: searchContent /home/wwwroot/default/obj/movie/Application/Runtime/Cache/Home/2a94b8bda04ff446dcedd42276fc99ee.php 第 67 行.
NOTIC: [8] Undefined variable: pname /home/wwwroot/default/obj/movie/Application/Runtime/Cache/Home/2a94b8bda04ff446dcedd42276fc99ee.php 第 72 行.
NOTIC: [8] Undefined variable: players /home/wwwroot/default/obj/movie/Application/Runtime/Cache/Home/2a94b8bda04ff446dcedd42276fc99ee.php 第 73 行.
NOTIC: [8] Undefined variable: param /home/wwwroot/default/obj/movie/Application/Runtime/Cache/Home/2a94b8bda04ff446dcedd42276fc99ee.php 第 149 行.
NOTIC: [8] Undefined variable: param /home/wwwroot/default/obj/movie/Application/Runtime/Cache/Home/2a94b8bda04ff446dcedd42276fc99ee.php 第 153 行.
NOTIC: [8] Undefined variable: param /home/wwwroot/default/obj/movie/Application/Runtime/Cache/Home/2a94b8bda04ff446dcedd42276fc99ee.php 第 155 行.
NOTIC: [8] Undefined variable: param /home/wwwroot/default/obj/movie/Application/Runtime/Cache/Home/2a94b8bda04ff446dcedd42276fc99ee.php 第 155 行.
NOTIC: [8] Undefined variable: param /home/wwwroot/default/obj/movie/Application/Runtime/Cache/Home/2a94b8bda04ff446dcedd42276fc99ee.php 第 155 行.
NOTIC: [8] Undefined variable: param /home/wwwroot/default/obj/movie/Application/Runtime/Cache/Home/2a94b8bda04ff446dcedd42276fc99ee.php 第 155 行.
NOTIC: [8] Undefined variable: param /home/wwwroot/default/obj/movie/Application/Runtime/Cache/Home/2a94b8bda04ff446dcedd42276fc99ee.php 第 157 行.
NOTIC: [8] Undefined variable: param /home/wwwroot/default/obj/movie/Application/Runtime/Cache/Home/2a94b8bda04ff446dcedd42276fc99ee.php 第 182 行.
INFO: Run Behavior\ParseTemplateBehavior [ RunTime:0.011867s ]
INFO: [ view_parse ] --END-- [ RunTime:0.011925s ]
INFO: [ view_filter ] --START--
INFO: Run Behavior\WriteHtmlCacheBehavior [ RunTime:0.000201s ]
INFO: [ view_filter ] --END-- [ RunTime:0.000257s ]
INFO: [ app_end ] --START--
INFO: Run Behavior\ShowPageTraceBehavior [ RunTime:0.000486s ]
INFO: [ app_end ] --END-- [ RunTime:0.000569s ]

[ 2016-07-30T21:11:56+08:00 ] 139.212.241.39 /obj/movie/Home/Index/index
INFO: [ app_init ] --START--
INFO: Run Behavior\BuildLiteBehavior [ RunTime:0.000026s ]
INFO: [ app_init ] --END-- [ RunTime:0.000427s ]
INFO: [ app_begin ] --START--
INFO: Run Behavior\ReadHtmlCacheBehavior [ RunTime:0.000470s ]
INFO: [ app_begin ] --END-- [ RunTime:0.000529s ]
SQL: SHOW COLUMNS FROM `index1` [ RunTime:0.0008s ]
SQL: SELECT COUNT(*) AS tp_count FROM `index1` WHERE `pname` LIKE '%人%' LIMIT 1   [ RunTime:0.0005s ]
SQL: SELECT * FROM `index1` WHERE `pname` LIKE '%人%' ORDER BY id desc LIMIT 0,12   [ RunTime:0.0005s ]
INFO: [ view_parse ] --START--
INFO: [ template_filter ] --START--
INFO: Run Behavior\ContentReplaceBehavior [ RunTime:0.000075s ]
INFO: [ template_filter ] --END-- [ RunTime:0.000142s ]
NOTIC: [8] Undefined variable: players /home/wwwroot/default/obj/movie/Application/Runtime/Cache/Home/2a94b8bda04ff446dcedd42276fc99ee.php 第 73 行.
INFO: Run Behavior\ParseTemplateBehavior [ RunTime:0.013124s ]
INFO: [ view_parse ] --END-- [ RunTime:0.013175s ]
INFO: [ view_filter ] --START--
INFO: Run Behavior\WriteHtmlCacheBehavior [ RunTime:0.000163s ]
INFO: [ view_filter ] --END-- [ RunTime:0.000207s ]
INFO: [ app_end ] --START--
INFO: Run Behavior\ShowPageTraceBehavior [ RunTime:0.000475s ]
INFO: [ app_end ] --END-- [ RunTime:0.000529s ]

[ 2016-07-30T21:11:58+08:00 ] 139.212.241.39 /obj/movie/Home/Index/index/pnow/2/searchContent/%E4%BA%BA/searchType/pname
INFO: [ app_init ] --START--
INFO: Run Behavior\BuildLiteBehavior [ RunTime:0.000018s ]
INFO: [ app_init ] --END-- [ RunTime:0.000325s ]
INFO: [ app_begin ] --START--
INFO: Run Behavior\ReadHtmlCacheBehavior [ RunTime:0.000404s ]
INFO: [ app_begin ] --END-- [ RunTime:0.000478s ]
SQL: SHOW COLUMNS FROM `index1` [ RunTime:0.0007s ]
NOTIC: [8] Undefined index: searchContent /home/wwwroot/default/obj/movie/Application/Home/Controller/IndexController.class.php 第 50 行.
SQL: SELECT COUNT(*) AS tp_count FROM `index1` WHERE `pname` LIKE '%人%' LIMIT 1   [ RunTime:0.0006s ]
SQL: SELECT * FROM `index1` WHERE `pname` LIKE '%人%' ORDER BY id desc LIMIT 12,12   [ RunTime:0.0007s ]
INFO: [ view_parse ] --START--
INFO: [ template_filter ] --START--
INFO: Run Behavior\ContentReplaceBehavior [ RunTime:0.000070s ]
INFO: [ template_filter ] --END-- [ RunTime:0.000129s ]
NOTIC: [8] Undefined variable: players /home/wwwroot/default/obj/movie/Application/Runtime/Cache/Home/2a94b8bda04ff446dcedd42276fc99ee.php 第 73 行.
INFO: Run Behavior\ParseTemplateBehavior [ RunTime:0.009836s ]
INFO: [ view_parse ] --END-- [ RunTime:0.009882s ]
INFO: [ view_filter ] --START--
INFO: Run Behavior\WriteHtmlCacheBehavior [ RunTime:0.000150s ]
INFO: [ view_filter ] --END-- [ RunTime:0.000190s ]
INFO: [ app_end ] --START--
INFO: Run Behavior\ShowPageTraceBehavior [ RunTime:0.000444s ]
INFO: [ app_end ] --END-- [ RunTime:0.000495s ]

[ 2016-07-30T21:12:02+08:00 ] 139.212.241.39 /obj/movie/Home/Index/index/pnow/1/searchContent/%E4%BA%BA/searchType/pname
INFO: [ app_init ] --START--
INFO: Run Behavior\BuildLiteBehavior [ RunTime:0.000019s ]
INFO: [ app_init ] --END-- [ RunTime:0.000357s ]
INFO: [ app_begin ] --START--
INFO: Run Behavior\ReadHtmlCacheBehavior [ RunTime:0.000448s ]
INFO: [ app_begin ] --END-- [ RunTime:0.000499s ]
SQL: SHOW COLUMNS FROM `index1` [ RunTime:0.0008s ]
NOTIC: [8] Undefined index: searchContent /home/wwwroot/default/obj/movie/Application/Home/Controller/IndexController.class.php 第 50 行.
SQL: SELECT COUNT(*) AS tp_count FROM `index1` WHERE `pname` LIKE '%人%' LIMIT 1   [ RunTime:0.0005s ]
SQL: SELECT * FROM `index1` WHERE `pname` LIKE '%人%' ORDER BY id desc LIMIT 0,12   [ RunTime:0.0006s ]
INFO: [ view_parse ] --START--
INFO: [ template_filter ] --START--
INFO: Run Behavior\ContentReplaceBehavior [ RunTime:0.000078s ]
INFO: [ template_filter ] --END-- [ RunTime:0.000144s ]
NOTIC: [8] Undefined variable: players /home/wwwroot/default/obj/movie/Application/Runtime/Cache/Home/2a94b8bda04ff446dcedd42276fc99ee.php 第 73 行.
INFO: Run Behavior\ParseTemplateBehavior [ RunTime:0.013030s ]
INFO: [ view_parse ] --END-- [ RunTime:0.013100s ]
INFO: [ view_filter ] --START--
INFO: Run Behavior\WriteHtmlCacheBehavior [ RunTime:0.000179s ]
INFO: [ view_filter ] --END-- [ RunTime:0.000233s ]
INFO: [ app_end ] --START--
INFO: Run Behavior\ShowPageTraceBehavior [ RunTime:0.000488s ]
INFO: [ app_end ] --END-- [ RunTime:0.000540s ]

[ 2016-07-30T21:45:06+08:00 ] 111.26.32.25 /obj/movie/Home
INFO: [ app_init ] --START--
INFO: Run Behavior\BuildLiteBehavior [ RunTime:0.000019s ]
INFO: [ app_init ] --END-- [ RunTime:0.000344s ]
INFO: [ app_begin ] --START--
INFO: Run Behavior\ReadHtmlCacheBehavior [ RunTime:0.000683s ]
INFO: [ app_begin ] --END-- [ RunTime:0.000750s ]
SQL: SHOW COLUMNS FROM `index1` [ RunTime:0.0007s ]
NOTIC: [8] Undefined index: searchContent /home/wwwroot/default/obj/movie/Application/Home/Controller/IndexController.class.php 第 50 行.
NOTIC: [8] Undefined variable: map /home/wwwroot/default/obj/movie/Application/Home/Controller/IndexController.class.php 第 78 行.
SQL: SELECT COUNT(*) AS tp_count FROM `index1` LIMIT 1   [ RunTime:0.0002s ]
NOTIC: [8] Undefined variable: map /home/wwwroot/default/obj/movie/Application/Home/Controller/IndexController.class.php 第 81 行.
SQL: SELECT * FROM `index1` ORDER BY id desc LIMIT 0,12   [ RunTime:0.0003s ]
INFO: [ view_parse ] --START--
INFO: [ template_filter ] --START--
INFO: Run Behavior\ContentReplaceBehavior [ RunTime:0.000097s ]
INFO: [ template_filter ] --END-- [ RunTime:0.000178s ]
NOTIC: [8] Undefined variable: searchContent /home/wwwroot/default/obj/movie/Application/Runtime/Cache/Home/2a94b8bda04ff446dcedd42276fc99ee.php 第 67 行.
NOTIC: [8] Undefined variable: pname /home/wwwroot/default/obj/movie/Application/Runtime/Cache/Home/2a94b8bda04ff446dcedd42276fc99ee.php 第 72 行.
NOTIC: [8] Undefined variable: players /home/wwwroot/default/obj/movie/Application/Runtime/Cache/Home/2a94b8bda04ff446dcedd42276fc99ee.php 第 73 行.
NOTIC: [8] Undefined variable: param /home/wwwroot/default/obj/movie/Application/Runtime/Cache/Home/2a94b8bda04ff446dcedd42276fc99ee.php 第 149 行.
NOTIC: [8] Undefined variable: param /home/wwwroot/default/obj/movie/Application/Runtime/Cache/Home/2a94b8bda04ff446dcedd42276fc99ee.php 第 153 行.
NOTIC: [8] Undefined variable: param /home/wwwroot/default/obj/movie/Application/Runtime/Cache/Home/2a94b8bda04ff446dcedd42276fc99ee.php 第 155 行.
NOTIC: [8] Undefined variable: param /home/wwwroot/default/obj/movie/Application/Runtime/Cache/Home/2a94b8bda04ff446dcedd42276fc99ee.php 第 155 行.
NOTIC: [8] Undefined variable: param /home/wwwroot/default/obj/movie/Application/Runtime/Cache/Home/2a94b8bda04ff446dcedd42276fc99ee.php 第 155 行.
NOTIC: [8] Undefined variable: param /home/wwwroot/default/obj/movie/Application/Runtime/Cache/Home/2a94b8bda04ff446dcedd42276fc99ee.php 第 155 行.
NOTIC: [8] Undefined variable: param /home/wwwroot/default/obj/movie/Application/Runtime/Cache/Home/2a94b8bda04ff446dcedd42276fc99ee.php 第 157 行.
NOTIC: [8] Undefined variable: param /home/wwwroot/default/obj/movie/Application/Runtime/Cache/Home/2a94b8bda04ff446dcedd42276fc99ee.php 第 182 行.
INFO: Run Behavior\ParseTemplateBehavior [ RunTime:0.011640s ]
INFO: [ view_parse ] --END-- [ RunTime:0.011690s ]
INFO: [ view_filter ] --START--
INFO: Run Behavior\WriteHtmlCacheBehavior [ RunTime:0.000202s ]
INFO: [ view_filter ] --END-- [ RunTime:0.000245s ]
INFO: [ app_end ] --START--
INFO: Run Behavior\ShowPageTraceBehavior [ RunTime:0.000666s ]
INFO: [ app_end ] --END-- [ RunTime:0.000815s ]

[ 2016-07-30T21:48:12+08:00 ] 101.226.33.221 /obj/movie/Home
INFO: [ app_init ] --START--
INFO: Run Behavior\BuildLiteBehavior [ RunTime:0.000042s ]
INFO: [ app_init ] --END-- [ RunTime:0.000377s ]
INFO: [ app_begin ] --START--
INFO: Run Behavior\ReadHtmlCacheBehavior [ RunTime:0.000422s ]
INFO: [ app_begin ] --END-- [ RunTime:0.000474s ]
SQL: SHOW COLUMNS FROM `index1` [ RunTime:0.0007s ]
NOTIC: [8] Undefined index: searchContent /home/wwwroot/default/obj/movie/Application/Home/Controller/IndexController.class.php 第 50 行.
NOTIC: [8] Undefined variable: map /home/wwwroot/default/obj/movie/Application/Home/Controller/IndexController.class.php 第 78 行.
SQL: SELECT COUNT(*) AS tp_count FROM `index1` LIMIT 1   [ RunTime:0.0002s ]
NOTIC: [8] Undefined variable: map /home/wwwroot/default/obj/movie/Application/Home/Controller/IndexController.class.php 第 81 行.
SQL: SELECT * FROM `index1` ORDER BY id desc LIMIT 0,12   [ RunTime:0.0003s ]
INFO: [ view_parse ] --START--
INFO: [ template_filter ] --START--
INFO: Run Behavior\ContentReplaceBehavior [ RunTime:0.000079s ]
INFO: [ template_filter ] --END-- [ RunTime:0.000151s ]
NOTIC: [8] Undefined variable: searchContent /home/wwwroot/default/obj/movie/Application/Runtime/Cache/Home/2a94b8bda04ff446dcedd42276fc99ee.php 第 67 行.
NOTIC: [8] Undefined variable: pname /home/wwwroot/default/obj/movie/Application/Runtime/Cache/Home/2a94b8bda04ff446dcedd42276fc99ee.php 第 72 行.
NOTIC: [8] Undefined variable: players /home/wwwroot/default/obj/movie/Application/Runtime/Cache/Home/2a94b8bda04ff446dcedd42276fc99ee.php 第 73 行.
NOTIC: [8] Undefined variable: param /home/wwwroot/default/obj/movie/Application/Runtime/Cache/Home/2a94b8bda04ff446dcedd42276fc99ee.php 第 149 行.
NOTIC: [8] Undefined variable: param /home/wwwroot/default/obj/movie/Application/Runtime/Cache/Home/2a94b8bda04ff446dcedd42276fc99ee.php 第 153 行.
NOTIC: [8] Undefined variable: param /home/wwwroot/default/obj/movie/Application/Runtime/Cache/Home/2a94b8bda04ff446dcedd42276fc99ee.php 第 155 行.
NOTIC: [8] Undefined variable: param /home/wwwroot/default/obj/movie/Application/Runtime/Cache/Home/2a94b8bda04ff446dcedd42276fc99ee.php 第 155 行.
NOTIC: [8] Undefined variable: param /home/wwwroot/default/obj/movie/Application/Runtime/Cache/Home/2a94b8bda04ff446dcedd42276fc99ee.php 第 155 行.
NOTIC: [8] Undefined variable: param /home/wwwroot/default/obj/movie/Application/Runtime/Cache/Home/2a94b8bda04ff446dcedd42276fc99ee.php 第 155 行.
NOTIC: [8] Undefined variable: param /home/wwwroot/default/obj/movie/Application/Runtime/Cache/Home/2a94b8bda04ff446dcedd42276fc99ee.php 第 157 行.
NOTIC: [8] Undefined variable: param /home/wwwroot/default/obj/movie/Application/Runtime/Cache/Home/2a94b8bda04ff446dcedd42276fc99ee.php 第 182 行.
INFO: Run Behavior\ParseTemplateBehavior [ RunTime:0.010677s ]
INFO: [ view_parse ] --END-- [ RunTime:0.010739s ]
INFO: [ view_filter ] --START--
INFO: Run Behavior\WriteHtmlCacheBehavior [ RunTime:0.000207s ]
INFO: [ view_filter ] --END-- [ RunTime:0.000254s ]
INFO: [ app_end ] --START--
INFO: Run Behavior\ShowPageTraceBehavior [ RunTime:0.000459s ]
INFO: [ app_end ] --END-- [ RunTime:0.000513s ]

[ 2016-07-30T21:48:13+08:00 ] 180.163.2.118 /obj/movie/Home
INFO: [ app_init ] --START--
INFO: Run Behavior\BuildLiteBehavior [ RunTime:0.000017s ]
INFO: [ app_init ] --END-- [ RunTime:0.000443s ]
INFO: [ app_begin ] --START--
INFO: Run Behavior\ReadHtmlCacheBehavior [ RunTime:0.000435s ]
INFO: [ app_begin ] --END-- [ RunTime:0.000492s ]
SQL: SHOW COLUMNS FROM `index1` [ RunTime:0.0007s ]
NOTIC: [8] Undefined index: searchContent /home/wwwroot/default/obj/movie/Application/Home/Controller/IndexController.class.php 第 50 行.
NOTIC: [8] Undefined variable: map /home/wwwroot/default/obj/movie/Application/Home/Controller/IndexController.class.php 第 78 行.
SQL: SELECT COUNT(*) AS tp_count FROM `index1` LIMIT 1   [ RunTime:0.0002s ]
NOTIC: [8] Undefined variable: map /home/wwwroot/default/obj/movie/Application/Home/Controller/IndexController.class.php 第 81 行.
SQL: SELECT * FROM `index1` ORDER BY id desc LIMIT 0,12   [ RunTime:0.0003s ]
INFO: [ view_parse ] --START--
INFO: [ template_filter ] --START--
INFO: Run Behavior\ContentReplaceBehavior [ RunTime:0.000071s ]
INFO: [ template_filter ] --END-- [ RunTime:0.000125s ]
NOTIC: [8] Undefined variable: searchContent /home/wwwroot/default/obj/movie/Application/Runtime/Cache/Home/2a94b8bda04ff446dcedd42276fc99ee.php 第 67 行.
NOTIC: [8] Undefined variable: pname /home/wwwroot/default/obj/movie/Application/Runtime/Cache/Home/2a94b8bda04ff446dcedd42276fc99ee.php 第 72 行.
NOTIC: [8] Undefined variable: players /home/wwwroot/default/obj/movie/Application/Runtime/Cache/Home/2a94b8bda04ff446dcedd42276fc99ee.php 第 73 行.
NOTIC: [8] Undefined variable: param /home/wwwroot/default/obj/movie/Application/Runtime/Cache/Home/2a94b8bda04ff446dcedd42276fc99ee.php 第 149 行.
NOTIC: [8] Undefined variable: param /home/wwwroot/default/obj/movie/Application/Runtime/Cache/Home/2a94b8bda04ff446dcedd42276fc99ee.php 第 153 行.
NOTIC: [8] Undefined variable: param /home/wwwroot/default/obj/movie/Application/Runtime/Cache/Home/2a94b8bda04ff446dcedd42276fc99ee.php 第 155 行.
NOTIC: [8] Undefined variable: param /home/wwwroot/default/obj/movie/Application/Runtime/Cache/Home/2a94b8bda04ff446dcedd42276fc99ee.php 第 155 行.
NOTIC: [8] Undefined variable: param /home/wwwroot/default/obj/movie/Application/Runtime/Cache/Home/2a94b8bda04ff446dcedd42276fc99ee.php 第 155 行.
NOTIC: [8] Undefined variable: param /home/wwwroot/default/obj/movie/Application/Runtime/Cache/Home/2a94b8bda04ff446dcedd42276fc99ee.php 第 155 行.
NOTIC: [8] Undefined variable: param /home/wwwroot/default/obj/movie/Application/Runtime/Cache/Home/2a94b8bda04ff446dcedd42276fc99ee.php 第 157 行.
NOTIC: [8] Undefined variable: param /home/wwwroot/default/obj/movie/Application/Runtime/Cache/Home/2a94b8bda04ff446dcedd42276fc99ee.php 第 182 行.
INFO: Run Behavior\ParseTemplateBehavior [ RunTime:0.012073s ]
INFO: [ view_parse ] --END-- [ RunTime:0.012120s ]
INFO: [ view_filter ] --START--
INFO: Run Behavior\WriteHtmlCacheBehavior [ RunTime:0.000161s ]
INFO: [ view_filter ] --END-- [ RunTime:0.000202s ]
INFO: [ app_end ] --START--
INFO: Run Behavior\ShowPageTraceBehavior [ RunTime:0.000493s ]
INFO: [ app_end ] --END-- [ RunTime:0.000550s ]

[ 2016-07-30T22:10:28+08:00 ] 14.17.37.146 /obj/movie/Home
INFO: [ app_init ] --START--
INFO: Run Behavior\BuildLiteBehavior [ RunTime:0.000054s ]
INFO: [ app_init ] --END-- [ RunTime:0.000434s ]
INFO: [ app_begin ] --START--
INFO: Run Behavior\ReadHtmlCacheBehavior [ RunTime:0.000524s ]
INFO: [ app_begin ] --END-- [ RunTime:0.000600s ]
SQL: SHOW COLUMNS FROM `index1` [ RunTime:0.0008s ]
NOTIC: [8] Undefined index: searchContent /home/wwwroot/default/obj/movie/Application/Home/Controller/IndexController.class.php 第 50 行.
NOTIC: [8] Undefined variable: map /home/wwwroot/default/obj/movie/Application/Home/Controller/IndexController.class.php 第 78 行.
SQL: SELECT COUNT(*) AS tp_count FROM `index1` LIMIT 1   [ RunTime:0.0002s ]
NOTIC: [8] Undefined variable: map /home/wwwroot/default/obj/movie/Application/Home/Controller/IndexController.class.php 第 81 行.
SQL: SELECT * FROM `index1` ORDER BY id desc LIMIT 0,12   [ RunTime:0.0003s ]
INFO: [ view_parse ] --START--
INFO: [ template_filter ] --START--
INFO: Run Behavior\ContentReplaceBehavior [ RunTime:0.000074s ]
INFO: [ template_filter ] --END-- [ RunTime:0.000138s ]
NOTIC: [8] Undefined variable: searchContent /home/wwwroot/default/obj/movie/Application/Runtime/Cache/Home/2a94b8bda04ff446dcedd42276fc99ee.php 第 67 行.
NOTIC: [8] Undefined variable: pname /home/wwwroot/default/obj/movie/Application/Runtime/Cache/Home/2a94b8bda04ff446dcedd42276fc99ee.php 第 72 行.
NOTIC: [8] Undefined variable: players /home/wwwroot/default/obj/movie/Application/Runtime/Cache/Home/2a94b8bda04ff446dcedd42276fc99ee.php 第 73 行.
NOTIC: [8] Undefined variable: param /home/wwwroot/default/obj/movie/Application/Runtime/Cache/Home/2a94b8bda04ff446dcedd42276fc99ee.php 第 149 行.
NOTIC: [8] Undefined variable: param /home/wwwroot/default/obj/movie/Application/Runtime/Cache/Home/2a94b8bda04ff446dcedd42276fc99ee.php 第 153 行.
NOTIC: [8] Undefined variable: param /home/wwwroot/default/obj/movie/Application/Runtime/Cache/Home/2a94b8bda04ff446dcedd42276fc99ee.php 第 155 行.
NOTIC: [8] Undefined variable: param /home/wwwroot/default/obj/movie/Application/Runtime/Cache/Home/2a94b8bda04ff446dcedd42276fc99ee.php 第 155 行.
NOTIC: [8] Undefined variable: param /home/wwwroot/default/obj/movie/Application/Runtime/Cache/Home/2a94b8bda04ff446dcedd42276fc99ee.php 第 155 行.
NOTIC: [8] Undefined variable: param /home/wwwroot/default/obj/movie/Application/Runtime/Cache/Home/2a94b8bda04ff446dcedd42276fc99ee.php 第 155 行.
NOTIC: [8] Undefined variable: param /home/wwwroot/default/obj/movie/Application/Runtime/Cache/Home/2a94b8bda04ff446dcedd42276fc99ee.php 第 157 行.
NOTIC: [8] Undefined variable: param /home/wwwroot/default/obj/movie/Application/Runtime/Cache/Home/2a94b8bda04ff446dcedd42276fc99ee.php 第 182 行.
INFO: Run Behavior\ParseTemplateBehavior [ RunTime:0.011113s ]
INFO: [ view_parse ] --END-- [ RunTime:0.011170s ]
INFO: [ view_filter ] --START--
INFO: Run Behavior\WriteHtmlCacheBehavior [ RunTime:0.000177s ]
INFO: [ view_filter ] --END-- [ RunTime:0.000223s ]
INFO: [ app_end ] --START--
INFO: Run Behavior\ShowPageTraceBehavior [ RunTime:0.000659s ]
INFO: [ app_end ] --END-- [ RunTime:0.000726s ]

[ 2016-07-30T23:06:12+08:00 ] 123.151.42.50 /obj/movie/Home
INFO: [ app_init ] --START--
INFO: Run Behavior\BuildLiteBehavior [ RunTime:0.000018s ]
INFO: [ app_init ] --END-- [ RunTime:0.000346s ]
INFO: [ app_begin ] --START--
INFO: Run Behavior\ReadHtmlCacheBehavior [ RunTime:0.000449s ]
INFO: [ app_begin ] --END-- [ RunTime:0.000498s ]
SQL: SHOW COLUMNS FROM `index1` [ RunTime:0.0009s ]
NOTIC: [8] Undefined index: searchContent /home/wwwroot/default/obj/movie/Application/Home/Controller/IndexController.class.php 第 50 行.
NOTIC: [8] Undefined variable: map /home/wwwroot/default/obj/movie/Application/Home/Controller/IndexController.class.php 第 78 行.
SQL: SELECT COUNT(*) AS tp_count FROM `index1` LIMIT 1   [ RunTime:0.0002s ]
NOTIC: [8] Undefined variable: map /home/wwwroot/default/obj/movie/Application/Home/Controller/IndexController.class.php 第 81 行.
SQL: SELECT * FROM `index1` ORDER BY id desc LIMIT 0,12   [ RunTime:0.0003s ]
INFO: [ view_parse ] --START--
INFO: [ template_filter ] --START--
INFO: Run Behavior\ContentReplaceBehavior [ RunTime:0.000088s ]
INFO: [ template_filter ] --END-- [ RunTime:0.000164s ]
NOTIC: [8] Undefined variable: searchContent /home/wwwroot/default/obj/movie/Application/Runtime/Cache/Home/2a94b8bda04ff446dcedd42276fc99ee.php 第 67 行.
NOTIC: [8] Undefined variable: pname /home/wwwroot/default/obj/movie/Application/Runtime/Cache/Home/2a94b8bda04ff446dcedd42276fc99ee.php 第 72 行.
NOTIC: [8] Undefined variable: players /home/wwwroot/default/obj/movie/Application/Runtime/Cache/Home/2a94b8bda04ff446dcedd42276fc99ee.php 第 73 行.
NOTIC: [8] Undefined variable: param /home/wwwroot/default/obj/movie/Application/Runtime/Cache/Home/2a94b8bda04ff446dcedd42276fc99ee.php 第 149 行.
NOTIC: [8] Undefined variable: param /home/wwwroot/default/obj/movie/Application/Runtime/Cache/Home/2a94b8bda04ff446dcedd42276fc99ee.php 第 153 行.
NOTIC: [8] Undefined variable: param /home/wwwroot/default/obj/movie/Application/Runtime/Cache/Home/2a94b8bda04ff446dcedd42276fc99ee.php 第 155 行.
NOTIC: [8] Undefined variable: param /home/wwwroot/default/obj/movie/Application/Runtime/Cache/Home/2a94b8bda04ff446dcedd42276fc99ee.php 第 155 行.
NOTIC: [8] Undefined variable: param /home/wwwroot/default/obj/movie/Application/Runtime/Cache/Home/2a94b8bda04ff446dcedd42276fc99ee.php 第 155 行.
NOTIC: [8] Undefined variable: param /home/wwwroot/default/obj/movie/Application/Runtime/Cache/Home/2a94b8bda04ff446dcedd42276fc99ee.php 第 155 行.
NOTIC: [8] Undefined variable: param /home/wwwroot/default/obj/movie/Application/Runtime/Cache/Home/2a94b8bda04ff446dcedd42276fc99ee.php 第 157 行.
NOTIC: [8] Undefined variable: param /home/wwwroot/default/obj/movie/Application/Runtime/Cache/Home/2a94b8bda04ff446dcedd42276fc99ee.php 第 182 行.
INFO: Run Behavior\ParseTemplateBehavior [ RunTime:0.010939s ]
INFO: [ view_parse ] --END-- [ RunTime:0.010991s ]
INFO: [ view_filter ] --START--
INFO: Run Behavior\WriteHtmlCacheBehavior [ RunTime:0.000181s ]
INFO: [ view_filter ] --END-- [ RunTime:0.000234s ]
INFO: [ app_end ] --START--
INFO: Run Behavior\ShowPageTraceBehavior [ RunTime:0.000505s ]
INFO: [ app_end ] --END-- [ RunTime:0.000562s ]

